# JRE version: OpenJDK Runtime Environment (15.0.2+7) (build 15.0.2+7-27)
# Java VM: OpenJDK 64-Bit Server VM (15.0.2+7-27, mixed mode, tiered, compressed oops, g1 gc, windows-amd64)
GC Precious Log:
 CPUs: 12 total, 12 available
 Memory: 16251M
 Large Page Support: Disabled
 NUMA Support: Disabled
 Compressed Oops: Enabled (Zero based)
 Heap Region Size: 2M
 Heap Min Capacity: 8M
 Heap Initial Capacity: 254M
 Heap Max Capacity: 4064M
 Pre-touch: Disabled
 Parallel Workers: 10
 Concurrent Workers: 3
 Concurrent Refinement Workers: 10
 Periodic GC: Disabled
Heap:
 garbage-first heap   total 40960K, used 24407K [0x0000000702000000, 0x0000000800000000)
  region size 2048K, 6 young (12288K), 1 survivors (2048K)
 Metaspace       used 35655K, capacity 36007K, committed 36096K, reserved 1081344K
  class space    used 3671K, capacity 3795K, committed 3840K, reserved 1048576K
GC Heap History (20 events):
Event: 9.448 GC heap before
{Heap before GC invocations=4 (full 0):
 garbage-first heap   total 40960K, used 24858K [0x0000000702000000, 0x0000000800000000)
  region size 2048K, 10 young (20480K), 1 survivors (2048K)
 Metaspace       used 26819K, capacity 27081K, committed 27136K, reserved 1073152K
  class space    used 2705K, capacity 2814K, committed 2816K, reserved 1048576K
}
Event: 9.450 GC heap after
{Heap after GC invocations=5 (full 0):
 garbage-first heap   total 40960K, used 10482K [0x0000000702000000, 0x0000000800000000)
  region size 2048K, 2 young (4096K), 2 survivors (4096K)
 Metaspace       used 26819K, capacity 27081K, committed 27136K, reserved 1073152K
  class space    used 2705K, capacity 2814K, committed 2816K, reserved 1048576K
}
Event: 9.702 GC heap before
{Heap before GC invocations=5 (full 0):
 garbage-first heap   total 40960K, used 28914K [0x0000000702000000, 0x0000000800000000)
  region size 2048K, 11 young (22528K), 2 survivors (4096K)
 Metaspace       used 30781K, capacity 31050K, committed 31232K, reserved 1077248K
  class space    used 3202K, capacity 3303K, committed 3328K, reserved 1048576K
}
Event: 9.705 GC heap after
{Heap after GC invocations=6 (full 0):
 garbage-first heap   total 40960K, used 10776K [0x0000000702000000, 0x0000000800000000)
  region size 2048K, 1 young (2048K), 1 survivors (2048K)
 Metaspace       used 30781K, capacity 31050K, committed 31232K, reserved 1077248K
  class space    used 3202K, capacity 3303K, committed 3328K, reserved 1048576K
}
Event: 11.578 GC heap before
{Heap before GC invocations=6 (full 0):
 garbage-first heap   total 40960K, used 29208K [0x0000000702000000, 0x0000000800000000)
  region size 2048K, 10 young (20480K), 1 survivors (2048K)
 Metaspace       used 33996K, capacity 34243K, committed 34432K, reserved 1079296K
  class space    used 3548K, capacity 3661K, committed 3712K, reserved 1048576K
}
Event: 11.580 GC heap after
{Heap after GC invocations=7 (full 0):
 garbage-first heap   total 40960K, used 15864K [0x0000000702000000, 0x0000000800000000)
  region size 2048K, 2 young (4096K), 2 survivors (4096K)
 Metaspace       used 33996K, capacity 34243K, committed 34432K, reserved 1079296K
  class space    used 3548K, capacity 3661K, committed 3712K, reserved 1048576K
}
Event: 16.669 GC heap before
{Heap before GC invocations=7 (full 0):
 garbage-first heap   total 40960K, used 26104K [0x0000000702000000, 0x0000000800000000)
  region size 2048K, 8 young (16384K), 2 survivors (4096K)
 Metaspace       used 34365K, capacity 34689K, committed 34944K, reserved 1081344K
  class space    used 3558K, capacity 3698K, committed 3712K, reserved 1048576K
}
Event: 16.671 GC heap after
{Heap after GC invocations=8 (full 0):
 garbage-first heap   total 40960K, used 18320K [0x0000000702000000, 0x0000000800000000)
  region size 2048K, 1 young (2048K), 1 survivors (2048K)
 Metaspace       used 34365K, capacity 34689K, committed 34944K, reserved 1081344K
  class space    used 3558K, capacity 3698K, committed 3712K, reserved 1048576K
}
Event: 37.252 GC heap before
{Heap before GC invocations=8 (full 0):
 garbage-first heap   total 40960K, used 28560K [0x0000000702000000, 0x0000000800000000)
  region size 2048K, 6 young (12288K), 1 survivors (2048K)
 Metaspace       used 34869K, capacity 35143K, committed 35200K, reserved 1081344K
  class space    used 3559K, capacity 3699K, committed 3712K, reserved 1048576K
}
Event: 37.253 GC heap after
{Heap after GC invocations=9 (full 0):
 garbage-first heap   total 40960K, used 18364K [0x0000000702000000, 0x0000000800000000)
  region size 2048K, 1 young (2048K), 1 survivors (2048K)
 Metaspace       used 34869K, capacity 35143K, committed 35200K, reserved 1081344K
  class space    used 3559K, capacity 3699K, committed 3712K, reserved 1048576K
}
Event: 273.096 GC heap before
{Heap before GC invocations=9 (full 0):
 garbage-first heap   total 40960K, used 20412K [0x0000000702000000, 0x0000000800000000)
  region size 2048K, 4 young (8192K), 1 survivors (2048K)
 Metaspace       used 35461K, capacity 35719K, committed 35840K, reserved 1081344K
  class space    used 3649K, capacity 3763K, committed 3840K, reserved 1048576K
}
Event: 273.098 GC heap after
{Heap after GC invocations=10 (full 0):
 garbage-first heap   total 40960K, used 19867K [0x0000000702000000, 0x0000000800000000)
  region size 2048K, 1 young (2048K), 1 survivors (2048K)
 Metaspace       used 35461K, capacity 35719K, committed 35840K, reserved 1081344K
  class space    used 3649K, capacity 3763K, committed 3840K, reserved 1048576K
}
Event: 351.548 GC heap before
{Heap before GC invocations=11 (full 0):
 garbage-first heap   total 40960K, used 26011K [0x0000000702000000, 0x0000000800000000)
  region size 2048K, 5 young (10240K), 1 survivors (2048K)
 Metaspace       used 35483K, capacity 35783K, committed 36096K, reserved 1081344K
  class space    used 3653K, capacity 3763K, committed 3840K, reserved 1048576K
}
Event: 351.549 GC heap after
{Heap after GC invocations=12 (full 0):
 garbage-first heap   total 40960K, used 18304K [0x0000000702000000, 0x0000000800000000)
  region size 2048K, 1 young (2048K), 1 survivors (2048K)
 Metaspace       used 35483K, capacity 35783K, committed 36096K, reserved 1081344K
  class space    used 3653K, capacity 3763K, committed 3840K, reserved 1048576K
}
Event: 352.785 GC heap before
{Heap before GC invocations=12 (full 0):
 garbage-first heap   total 40960K, used 18304K [0x0000000702000000, 0x0000000800000000)
  region size 2048K, 2 young (4096K), 1 survivors (2048K)
 Metaspace       used 35486K, capacity 35783K, committed 36096K, reserved 1081344K
  class space    used 3653K, capacity 3763K, committed 3840K, reserved 1048576K
}
Event: 352.787 GC heap after
{Heap after GC invocations=13 (full 0):
 garbage-first heap   total 40960K, used 17526K [0x0000000702000000, 0x0000000800000000)
  region size 2048K, 1 young (2048K), 1 survivors (2048K)
 Metaspace       used 35486K, capacity 35783K, committed 36096K, reserved 1081344K
  class space    used 3653K, capacity 3763K, committed 3840K, reserved 1048576K
}
Event: 369.613 GC heap before
{Heap before GC invocations=13 (full 0):
 garbage-first heap   total 40960K, used 27766K [0x0000000702000000, 0x0000000800000000)
  region size 2048K, 6 young (12288K), 1 survivors (2048K)
 Metaspace       used 35528K, capacity 35847K, committed 36096K, reserved 1081344K
  class space    used 3653K, capacity 3763K, committed 3840K, reserved 1048576K
}
Event: 369.614 GC heap after
{Heap after GC invocations=14 (full 0):
 garbage-first heap   total 40960K, used 18203K [0x0000000702000000, 0x0000000800000000)
  region size 2048K, 1 young (2048K), 1 survivors (2048K)
 Metaspace       used 35528K, capacity 35847K, committed 36096K, reserved 1081344K
  class space    used 3653K, capacity 3763K, committed 3840K, reserved 1048576K
}
Event: 442.557 GC heap before
{Heap before GC invocations=14 (full 0):
 garbage-first heap   total 40960K, used 26395K [0x0000000702000000, 0x0000000800000000)
  region size 2048K, 6 young (12288K), 1 survivors (2048K)
 Metaspace       used 35553K, capacity 35847K, committed 36096K, reserved 1081344K
  class space    used 3653K, capacity 3763K, committed 3840K, reserved 1048576K
}
Event: 442.558 GC heap after
{Heap after GC invocations=15 (full 0):
 garbage-first heap   total 40960K, used 18263K [0x0000000702000000, 0x0000000800000000)
  region size 2048K, 1 young (2048K), 1 survivors (2048K)
 Metaspace       used 35553K, capacity 35847K, committed 36096K, reserved 1081344K
  class space    used 3653K, capacity 3763K, committed 3840K, reserved 1048576K
}

